<?xml version="1.0" encoding="UTF-8"?>
<!-- Generated by org.testng.reporters.JUnitReportReporter -->
<testsuite skipped="0" hostname="LAPTOP-60J9Q0D7" name="GroupingDemo" tests="5" failures="0" timestamp="2020-08-01T10:28:11 IST" time="0.016" errors="0">
  <testcase name="m6" time="0.002" classname="GroupingDemo"/>
  <system-out/>
  <testcase name="m3" time="0.001" classname="GroupingDemo"/>
  <system-out/>
  <testcase name="m2" time="0.001" classname="GroupingDemo"/>
  <system-out/>
  <testcase name="m1" time="0.010" classname="GroupingDemo"/>
  <system-out/>
  <testcase name="m4" time="0.002" classname="GroupingDemo"/>
  <system-out/>
</testsuite> <!-- GroupingDemo -->
