<?xml version="1.0" encoding="UTF-8"?>
<!-- Generated by org.testng.reporters.JUnitReportReporter -->
<testsuite skipped="0" hostname="LAPTOP-60J9Q0D7" name="PractiseFormToolsQa" tests="3" failures="0" timestamp="2020-07-29T17:11:11 IST" time="20.631" errors="0">
  <testcase name="browserlaunch" time="6.822" classname="PractiseFormToolsQa"/>
  <system-out/>
  <testcase name="applaunch" time="2.938" classname="PractiseFormToolsQa"/>
  <system-out/>
  <testcase name="form" time="10.871" classname="PractiseFormToolsQa"/>
  <system-out/>
</testsuite> <!-- PractiseFormToolsQa -->
